<?xml version="1.0" encoding="UTF-8"?>
<!-- Generated by org.testng.reporters.JUnitReportReporter -->
<testsuite skipped="0" hostname="DESKTOP-F0GU3N1" name="WineQuality.WineQuality" tests="1" failures="0" timestamp="10 Jun 2019 18:39:56 GMT" time="54.943" errors="0">
  <testcase name="testNewUrl" time="54.943" classname="WineQuality.WineQuality"/>
</testsuite> <!-- WineQuality.WineQuality -->
