<?xml version="1.0" encoding="UTF-8"?>
<!-- Generated by org.testng.reporters.JUnitReportReporter -->
<testsuite skipped="0" hostname="DESKTOP-F0GU3N1" name="WineQuality.WineQuality" tests="1" failures="0" timestamp="13 Jun 2019 04:44:14 GMT" time="54.721" errors="0">
  <testcase name="testNewUrl" time="54.721" classname="WineQuality.WineQuality"/>
</testsuite> <!-- WineQuality.WineQuality -->
