<?xml version="1.0" encoding="UTF-8"?>
<!-- Generated by org.testng.reporters.JUnitReportReporter -->
<testsuite skipped="0" hostname="DESKTOP-F0GU3N1" name="Connectors.Connectors" tests="1" failures="0" timestamp="03 Jun 2019 23:17:36 GMT" time="79.914" errors="0">
  <testcase name="StopDeploymentTestRun" time="79.914" classname="Connectors.Connectors"/>
</testsuite> <!-- Connectors.Connectors -->
